  main.cc
  pch.cc
C:\workspace\kabuki_toolkit\kabuki\tek\pch.h(12,10): error C1083:  Cannot open include file: 'global_config.inl': No such file or directory
C:\workspace\kabuki_toolkit\kabuki\tek\pch.cc(10,10): error C2013:  missing '>'
  tek_button.cc
C:\workspace\kabuki_toolkit\kabuki\tek\pch.cc(10,10): error C1083:  Cannot open include file: 'pch.h"': No such file or directory
  tek_color.cc
C:\workspace\kabuki_toolkit\kabuki\tek\c_button.h(11,10): error C1083:  Cannot open include file: 'pch.h': No such file or directory
C:\workspace\kabuki_toolkit\kabuki\tek\tek_color.cc(10,10): error C2013:  missing '>'
  tek_dmxanimation.cc
C:\workspace\kabuki_toolkit\kabuki\tek\tek_color.cc(10,10): error C1083:  Cannot open include file: 'pch.h"': No such file or directory
  tek_dmxbuffer.cc
C:\workspace\kabuki_toolkit\kabuki\tek\c_dmxanimation.h(11,10): error C1083:  Cannot open include file: 'pch.h': No such file or directory
  tek_flowcontroller.cc
C:\workspace\kabuki_toolkit\kabuki\tek\c_dmxbuffer.h(11,10): error C1083:  Cannot open include file: 'pch.h': No such file or directory
  tek_flyingfader.cc
C:\workspace\kabuki_toolkit\kabuki\tek\c_flowcontroller.h(11,10): error C1083:  Cannot open include file: 'pch.h': No such file or directory
  tek_ioexpander.cc
C:\workspace\kabuki_toolkit\kabuki\tek\c_flyingfader.h(11,10): error C1083:  Cannot open include file: 'pch.h': No such file or directory
  tek_knobrotary.cc
C:\workspace\kabuki_toolkit\kabuki\tek\c_ioexpander.h(11,10): error C1083:  Cannot open include file: 'pch.h': No such file or directory
  tek_knobrotarybank.cc
C:\workspace\kabuki_toolkit\kabuki\tek\c_rotaryknob.h(11,10): error C1083:  Cannot open include file: 'pch.h': No such file or directory
  tek_led.cc
C:\workspace\kabuki_toolkit\kabuki\tek\c_rotaryknobbank.h(11,10): error C1083:  Cannot open include file: 'pch.h': No such file or directory
  tek_ledrgb.cc
C:\workspace\kabuki_toolkit\kabuki\tek\c_led.h(11,10): error C1083:  Cannot open include file: 'pch.h': No such file or directory
  tek_micelectrolytic.cc
C:\workspace\kabuki_toolkit\kabuki\tek\c_ledrgb.h(11,10): error C1083:  Cannot open include file: 'pch.h': No such file or directory
  tek_motorhbridge.cc
C:\workspace\kabuki_toolkit\kabuki\tek\c_micelectrolytic.h(11,10): error C1083:  Cannot open include file: 'pch.h': No such file or directory
  tek_portali2c.cc
C:\workspace\kabuki_toolkit\kabuki\tek\c_motorhbridge.h(11,10): error C1083:  Cannot open include file: 'pch.h': No such file or directory
  tek_portalserial.cc
C:\workspace\kabuki_toolkit\kabuki\tek\tek_portali2c.cc(10,10): error C1083:  Cannot open include file: 'i2c_portal.h': No such file or directory
  tek_portalspi.cc
C:\workspace\kabuki_toolkit\kabuki\tek\c_portalserial.h(11,10): error C1083:  Cannot open include file: 'pch.h': No such file or directory
  tek_portaltcp.cc
C:\workspace\kabuki_toolkit\kabuki\tek\tek_portalspi.cc(10,10): error C1083:  Cannot open include file: 'cportalspi.h': No such file or directory
  tek_pot.cc
C:\workspace\kabuki_toolkit\kabuki\tek\tek_portaltcp.cc(10,10): error C1083:  Cannot open include file: 'c_portaltcb.h': No such file or directory
C:\workspace\kabuki_toolkit\kabuki\tek\c_pot.h(23,18): error C2079:  'Pot' uses undefined class '_::KABUKI'
C:\workspace\kabuki_toolkit\kabuki\tek\c_pot.h(24,2): error C2059:  syntax error: 'public'
C:\workspace\kabuki_toolkit\kabuki\tek\c_pot.h(29,20): error C2065:  'UI2': undeclared identifier
C:\workspace\kabuki_toolkit\kabuki\tek\c_pot.h(29,24): error C2146:  syntax error: missing ')' before identifier 'new_value'
C:\workspace\kabuki_toolkit\kabuki\tek\c_pot.h(29,38): error C2039:  'Expr': is not a member of '_'
C:\workspace\kabuki_toolkit\kabuki\tek\c_pot.h(15): message :  see declaration of '_'
C:\workspace\kabuki_toolkit\kabuki\tek\c_pot.h(33,12): error C2039:  'Operation': is not a member of '_'
C:\workspace\kabuki_toolkit\kabuki\tek\c_pot.h(15): message :  see declaration of '_'
C:\workspace\kabuki_toolkit\kabuki\tek\c_pot.h(33,21): error C4430:  missing type specifier - int assumed. Note: C++ does not support default-int
C:\workspace\kabuki_toolkit\kabuki\tek\c_pot.h(33,21): error C2143:  syntax error: missing ';' before '*'
C:\workspace\kabuki_toolkit\kabuki\tek\c_pot.h(33,28): error C2065:  'char_t': undeclared identifier
C:\workspace\kabuki_toolkit\kabuki\tek\c_pot.h(33,35): error C2146:  syntax error: missing ')' before identifier 'index'
C:\workspace\kabuki_toolkit\kabuki\tek\c_pot.h(33,45): error C2039:  'Expr': is not a member of '_'
C:\workspace\kabuki_toolkit\kabuki\tek\c_pot.h(15): message :  see declaration of '_'
C:\workspace\kabuki_toolkit\kabuki\tek\c_pot.h(36,17): error C2039:  'Log': is not a member of '_'
C:\workspace\kabuki_toolkit\kabuki\tek\c_pot.h(15): message :  see declaration of '_'
C:\workspace\kabuki_toolkit\kabuki\tek\c_pot.h(36,20): error C2065:  'Log': undeclared identifier
C:\workspace\kabuki_toolkit\kabuki\tek\c_pot.h(36,22): error C2065:  'log': undeclared identifier
C:\workspace\kabuki_toolkit\kabuki\tek\c_pot.h(36,25): error C2182:  'Print': illegal use of type 'void'
C:\workspace\kabuki_toolkit\kabuki\tek\c_pot.h(38,2): error C2059:  syntax error: 'private'
C:\workspace\kabuki_toolkit\kabuki\tek\c_pot.h(39,16): error C4430:  missing type specifier - int assumed. Note: C++ does not support default-int
C:\workspace\kabuki_toolkit\kabuki\tek\c_pot.h(39,8): error C2146:  syntax error: missing ';' before identifier 'channel_'
C:\workspace\kabuki_toolkit\kabuki\tek\c_pot.h(40,16): error C4430:  missing type specifier - int assumed. Note: C++ does not support default-int
C:\workspace\kabuki_toolkit\kabuki\tek\c_pot.h(40,12): error C2146:  syntax error: missing ';' before identifier 'ain_'
C:\workspace\kabuki_toolkit\kabuki\tek\c_pot.h(43,25): error C2039:  'Operand': is not a member of '_'
C:\workspace\kabuki_toolkit\kabuki\tek\c_pot.h(15): message :  see declaration of '_'
C:\workspace\kabuki_toolkit\kabuki\tek\c_pot.h(43,33): error C2504:  'Operand': base class undefined
C:\workspace\kabuki_toolkit\kabuki\tek\c_pot.h(46,21): error C2061:  syntax error: identifier 'Pot'
C:\workspace\kabuki_toolkit\kabuki\tek\c_pot.h(49,29): error C4430:  missing type specifier - int assumed. Note: C++ does not support default-int
C:\workspace\kabuki_toolkit\kabuki\tek\c_pot.h(49,29): error C2143:  syntax error: missing ';' before '*'
C:\workspace\kabuki_toolkit\kabuki\tek\c_pot.h(49,29): error C2838:  'Operation': illegal qualified name in member declaration
C:\workspace\kabuki_toolkit\kabuki\tek\c_pot.h(49,53): error C2039:  'Expr': is not a member of '_'
C:\workspace\kabuki_toolkit\kabuki\tek\c_pot.h(15): message :  see declaration of '_'
C:\workspace\kabuki_toolkit\kabuki\tek\c_pot.h(49,64): error C2238:  unexpected token(s) preceding ';'
C:\workspace\kabuki_toolkit\kabuki\tek\c_pot.h(52,6): error C2143:  syntax error: missing ';' before '*'
C:\workspace\kabuki_toolkit\kabuki\tek\c_pot.h(52,6): error C4430:  missing type specifier - int assumed. Note: C++ does not support default-int
C:\workspace\kabuki_toolkit\kabuki\tek\c_pot.h(52,15): error C2238:  unexpected token(s) preceding ';'
C:\workspace\kabuki_toolkit\kabuki\tek\c_pot.h(54,1): error C2059:  syntax error: '}'
C:\workspace\kabuki_toolkit\kabuki\tek\c_pot.h(54,1): error C2143:  syntax error: missing ';' before '}'
C:\workspace\kabuki_toolkit\kabuki\tek\tek_pot.cc(12,13): error C2143:  syntax error: missing ';' before '{'
  Compiling...
  tek_potosensor.cc
C:\workspace\kabuki_toolkit\kabuki\tek\tek_pot.cc(12,13): error C2447:  '{': missing function header (old-style formal list?)
  tek_switch.cc
C:\workspace\kabuki_toolkit\kabuki\tek\tek_potosensor.cc(10,10): error C1083:  Cannot open include file: 'photosensor.h': No such file or directory
  tek_unicontroller.cc
C:\workspace\kabuki_toolkit\kabuki\tek\c_switch.h(11,10): error C1083:  Cannot open include file: 'pch.h': No such file or directory
C:\workspace\kabuki_toolkit\kabuki\tek\c_unicontroller.h(11,10): error C1083:  Cannot open include file: 'pch.h': No such file or directory
